#
# There is insufficient memory for the Java Runtime Environment to continue.
# Native memory allocation (malloc) failed to allocate 1931008 bytes for Chunk::new
# Possible reasons:
#   The system is out of physical RAM or swap space
#   In 32 bit mode, the process size limit was hit
# Possible solutions:
#   Reduce memory load on the system
#   Increase physical memory or swap space
#   Check if swap backing store is full
#   Use 64 bit Java on a 64 bit OS
#   Decrease Java heap size (-Xmx/-Xms)
#   Decrease number of Java threads
#   Decrease Java thread stack sizes (-Xss)
#   Set larger code cache with -XX:ReservedCodeCacheSize=
# This output file may be truncated or incomplete.
#
#  Out of Memory Error (allocation.cpp:390), pid=19564, tid=0x0000000000005d48
#
# JRE version: OpenJDK Runtime Environment (8.0_152-b06) (build 1.8.0_152-release-1136-b06)
# Java VM: OpenJDK 64-Bit Server VM (25.152-b06 mixed mode windows-amd64 compressed oops)
# Failed to write core dump. Minidumps are not enabled by default on client versions of Windows
#

---------------  T H R E A D  ---------------

Current thread (0x000000001677e800):  JavaThread "C2 CompilerThread1" daemon [_thread_in_native, id=23880, stack(0x0000000017ec0000,0x0000000017fc0000)]

Stack: [0x0000000017ec0000,0x0000000017fc0000]
[error occurred during error reporting (printing stack bounds), id 0xc0000005]

Native frames: (J=compiled Java code, j=interpreted, Vv=VM code, C=native code)


Current CompileTask:
C2:   3363 1391       4       java.net.URLClassLoader$1::run (5 bytes)


---------------  P R O C E S S  ---------------

Java Threads: ( => current thread )
  0x000000001b639000 JavaThread "Cache worker for file hash cache (C:\Users\Owen Dunn\AndroidStudioProjects\Homework5\.gradle\4.6\fileHashes)" [_thread_blocked, id=23912, stack(0x000000001c2e0000,0x000000001c3e0000)]
  0x000000001990b000 JavaThread "File lock request listener" [_thread_in_native, id=24524, stack(0x000000001b210000,0x000000001b310000)]
  0x0000000019848800 JavaThread "Cache worker for file hash cache (C:\Users\Owen Dunn\.gradle\caches\4.6\fileHashes)" [_thread_blocked, id=26544, stack(0x000000001b110000,0x000000001b210000)]
  0x00000000199dd800 JavaThread "Stdin handler" [_thread_blocked, id=28644, stack(0x000000001ae10000,0x000000001af10000)]
  0x00000000199cf800 JavaThread "Asynchronous log dispatcher for DefaultDaemonConnection: socket connection from /127.0.0.1:62977 to /127.0.0.1:62978" [_thread_blocked, id=26288, stack(0x000000001ad10000,0x000000001ae10000)]
  0x00000000199ce000 JavaThread "Daemon worker" [_thread_in_native_trans, id=16420, stack(0x000000001ac10000,0x000000001ad10000)]
  0x00000000199cc000 JavaThread "Cancel handler" [_thread_blocked, id=5636, stack(0x000000001ab10000,0x000000001ac10000)]
  0x0000000019bad800 JavaThread "Handler for socket connection from /127.0.0.1:62977 to /127.0.0.1:62978" [_thread_in_native, id=22956, stack(0x000000001a810000,0x000000001a910000)]
  0x0000000019599000 JavaThread "Daemon" [_thread_blocked, id=26992, stack(0x000000001a710000,0x000000001a810000)]
  0x00000000195c9800 JavaThread "Daemon periodic checks" [_thread_blocked, id=17644, stack(0x000000001a610000,0x000000001a710000)]
  0x0000000019362800 JavaThread "Incoming local TCP Connector on port 62977" [_thread_in_native, id=7688, stack(0x000000001a3d0000,0x000000001a4d0000)]
  0x00000000180e8800 JavaThread "Service Thread" daemon [_thread_blocked, id=20020, stack(0x00000000184c0000,0x00000000185c0000)]
  0x000000001678a800 JavaThread "C1 CompilerThread2" daemon [_thread_blocked, id=11192, stack(0x0000000017fc0000,0x00000000180c0000)]
=>0x000000001677e800 JavaThread "C2 CompilerThread1" daemon [_thread_in_native, id=23880, stack(0x0000000017ec0000,0x0000000017fc0000)]
  0x000000001677a800 JavaThread "C2 CompilerThread0" daemon [_thread_in_native, id=27956, stack(0x0000000017dc0000,0x0000000017ec0000)]
  0x0000000016787000 JavaThread "Attach Listener" daemon [_thread_blocked, id=9704, stack(0x0000000017cc0000,0x0000000017dc0000)]
  0x0000000016786000 JavaThread "Signal Dispatcher" daemon [_thread_blocked, id=28388, stack(0x0000000017bc0000,0x0000000017cc0000)]
  0x0000000002e0c800 JavaThread "Finalizer" daemon [_thread_blocked, id=18996, stack(0x00000000179d0000,0x0000000017ad0000)]
  0x0000000002e01800 JavaThread "Reference Handler" daemon [_thread_blocked, id=21836, stack(0x00000000178d0000,0x00000000179d0000)]
  0x000000000132e800 JavaThread "main" [_thread_blocked, id=21540, stack(0x0000000002c10000,0x0000000002d10000)]

Other Threads:
  0x0000000016745000 VMThread [stack: 0x00000000177d0000,0x00000000178d0000] [id=20076]
  0x00000000180eb000 WatcherThread [stack: 0x00000000185c0000,0x00000000186c0000] [id=18880]

VM state:not at safepoint (normal execution)

VM Mutex/Monitor currently owned by a thread: None

Heap:
 PSYoungGen      total 38400K, used 28936K [0x00000000e0000000, 0x00000000e2a80000, 0x0000000100000000)
  eden space 33280K, 71% used [0x00000000e0000000,0x00000000e174a288,0x00000000e2080000)
  from space 5120K, 99% used [0x00000000e2080000,0x00000000e2578020,0x00000000e2580000)
  to   space 5120K, 0% used [0x00000000e2580000,0x00000000e2580000,0x00000000e2a80000)
 ParOldGen       total 87552K, used 1974K [0x00000000a0000000, 0x00000000a5580000, 0x00000000e0000000)
  object space 87552K, 2% used [0x00000000a0000000,0x00000000a01edb78,0x00000000a5580000)
 Metaspace       used 16288K, capacity 16668K, committed 16896K, reserved 1062912K
  class space    used 2323K, capacity 2476K, committed 2560K, reserved 1048576K

Card table byte_map: [0x00000000121d0000,0x00000000124e0000] byte_map_base: 0x0000000011cd0000

Marking Bits: (ParMarkBitMap*) 0x0000000061235aa0
 Begin Bits: [0x0000000012ae0000, 0x00000000142e0000)
 End Bits:   [0x00000000142e0000, 0x0000000015ae0000)

Polling page: 0x00000000012e0000

CodeCache: size=245760Kb used=5266Kb max_used=5266Kb free=240493Kb
 bounds [0x0000000002e10000, 0x0000000003340000, 0x0000000011e10000]
 total_blobs=1911 nmethods=1538 adapters=286
 compilation: enabled

Compilation events (10 events):
Event: 3.344 Thread 0x000000001678a800 1540       3       org.objectweb.asm.Frame::type (416 bytes)
Event: 3.345 Thread 0x000000001678a800 nmethod 1540 0x0000000003330dd0 code [0x0000000003331040, 0x00000000033322c8]
Event: 3.346 Thread 0x000000001678a800 1541       3       org.objectweb.asm.Frame::get (46 bytes)
Event: 3.346 Thread 0x000000001678a800 nmethod 1541 0x0000000003332ad0 code [0x0000000003332c40, 0x0000000003332e90]
Event: 3.346 Thread 0x000000001678a800 1542       3       org.objectweb.asm.Frame::pop (43 bytes)
Event: 3.346 Thread 0x000000001678a800 nmethod 1542 0x0000000003332f50 code [0x00000000033330c0, 0x00000000033332b0]
Event: 3.346 Thread 0x000000001678a800 1543       3       org.objectweb.asm.Type::getDescriptor (88 bytes)
Event: 3.348 Thread 0x000000001678a800 nmethod 1543 0x00000000033333d0 code [0x0000000003333680, 0x0000000003334a18]
Event: 3.348 Thread 0x000000001678a800 1544       3       org.objectweb.asm.MethodWriter::visitVarInsn (300 bytes)
Event: 3.349 Thread 0x000000001678a800 nmethod 1544 0x0000000003335650 code [0x0000000003335880, 0x0000000003336328]

GC Heap History (6 events):
Event: 0.846 GC heap before
{Heap before GC invocations=1 (full 0):
 PSYoungGen      total 38400K, used 33280K [0x00000000e0000000, 0x00000000e2a80000, 0x0000000100000000)
  eden space 33280K, 100% used [0x00000000e0000000,0x00000000e2080000,0x00000000e2080000)
  from space 5120K, 0% used [0x00000000e2580000,0x00000000e2580000,0x00000000e2a80000)
  to   space 5120K, 0% used [0x00000000e2080000,0x00000000e2080000,0x00000000e2580000)
 ParOldGen       total 87552K, used 0K [0x00000000a0000000, 0x00000000a5580000, 0x00000000e0000000)
  object space 87552K, 0% used [0x00000000a0000000,0x00000000a0000000,0x00000000a5580000)
 Metaspace       used 6657K, capacity 6766K, committed 7040K, reserved 1056768K
  class space    used 808K, capacity 875K, committed 896K, reserved 1048576K
Event: 0.852 GC heap after
Heap after GC invocations=1 (full 0):
 PSYoungGen      total 38400K, used 4159K [0x00000000e0000000, 0x00000000e2a80000, 0x0000000100000000)
  eden space 33280K, 0% used [0x00000000e0000000,0x00000000e0000000,0x00000000e2080000)
  from space 5120K, 81% used [0x00000000e2080000,0x00000000e248ff10,0x00000000e2580000)
  to   space 5120K, 0% used [0x00000000e2580000,0x00000000e2580000,0x00000000e2a80000)
 ParOldGen       total 87552K, used 8K [0x00000000a0000000, 0x00000000a5580000, 0x00000000e0000000)
  object space 87552K, 0% used [0x00000000a0000000,0x00000000a0002000,0x00000000a5580000)
 Metaspace       used 6657K, capacity 6766K, committed 7040K, reserved 1056768K
  class space    used 808K, capacity 875K, committed 896K, reserved 1048576K
}
Event: 2.138 GC heap before
{Heap before GC invocations=2 (full 0):
 PSYoungGen      total 38400K, used 37439K [0x00000000e0000000, 0x00000000e2a80000, 0x0000000100000000)
  eden space 33280K, 100% used [0x00000000e0000000,0x00000000e2080000,0x00000000e2080000)
  from space 5120K, 81% used [0x00000000e2080000,0x00000000e248ff10,0x00000000e2580000)
  to   space 5120K, 0% used [0x00000000e2580000,0x00000000e2580000,0x00000000e2a80000)
 ParOldGen       total 87552K, used 8K [0x00000000a0000000, 0x00000000a5580000, 0x00000000e0000000)
  object space 87552K, 0% used [0x00000000a0000000,0x00000000a0002000,0x00000000a5580000)
 Metaspace       used 10550K, capacity 10728K, committed 11008K, reserved 1058816K
  class space    used 1379K, capacity 1486K, committed 1536K, reserved 1048576K
Event: 2.146 GC heap after
Heap after GC invocations=2 (full 0):
 PSYoungGen      total 38400K, used 5103K [0x00000000e0000000, 0x00000000e2a80000, 0x0000000100000000)
  eden space 33280K, 0% used [0x00000000e0000000,0x00000000e0000000,0x00000000e2080000)
  from space 5120K, 99% used [0x00000000e2580000,0x00000000e2a7bfc8,0x00000000e2a80000)
  to   space 5120K, 0% used [0x00000000e2080000,0x00000000e2080000,0x00000000e2580000)
 ParOldGen       total 87552K, used 101K [0x00000000a0000000, 0x00000000a5580000, 0x00000000e0000000)
  object space 87552K, 0% used [0x00000000a0000000,0x00000000a0019450,0x00000000a5580000)
 Metaspace       used 10550K, capacity 10728K, committed 11008K, reserved 1058816K
  class space    used 1379K, capacity 1486K, committed 1536K, reserved 1048576K
}
Event: 2.770 GC heap before
{Heap before GC invocations=3 (full 0):
 PSYoungGen      total 38400K, used 38383K [0x00000000e0000000, 0x00000000e2a80000, 0x0000000100000000)
  eden space 33280K, 100% used [0x00000000e0000000,0x00000000e2080000,0x00000000e2080000)
  from space 5120K, 99% used [0x00000000e2580000,0x00000000e2a7bfc8,0x00000000e2a80000)
  to   space 5120K, 0% used [0x00000000e2080000,0x00000000e2080000,0x00000000e2580000)
 ParOldGen       total 87552K, used 101K [0x00000000a0000000, 0x00000000a5580000, 0x00000000e0000000)
  object space 87552K, 0% used [0x00000000a0000000,0x00000000a0019450,0x00000000a5580000)
 Metaspace       used 13980K, capacity 14300K, committed 14464K, reserved 1060864K
  class space    used 1948K, capacity 2092K, committed 2176K, reserved 1048576K
Event: 2.778 GC heap after
Heap after GC invocations=3 (full 0):
 PSYoungGen      total 38400K, used 5088K [0x00000000e0000000, 0x00000000e2a80000, 0x0000000100000000)
  eden space 33280K, 0% used [0x00000000e0000000,0x00000000e0000000,0x00000000e2080000)
  from space 5120K, 99% used [0x00000000e2080000,0x00000000e2578020,0x00000000e2580000)
  to   space 5120K, 0% used [0x00000000e2580000,0x00000000e2580000,0x00000000e2a80000)
 ParOldGen       total 87552K, used 1974K [0x00000000a0000000, 0x00000000a5580000, 0x00000000e0000000)
  object space 87552K, 2% used [0x00000000a0000000,0x00000000a01edb78,0x00000000a5580000)
 Metaspace       used 13980K, capacity 14300K, committed 14464K, reserved 1060864K
  class space    used 1948K, capacity 2092K, committed 2176K, reserved 1048576K
}

Deoptimization events (10 events):
Event: 1.135 Thread 0x000000000132e800 Uncommon trap: reason=bimorphic action=maybe_recompile pc=0x00000000030aef3c method=java.util.HashMap.putVal(ILjava/lang/Object;Ljava/lang/Object;ZZ)Ljava/lang/Object; @ 91
Event: 1.371 Thread 0x000000000132e800 Uncommon trap: reason=bimorphic action=maybe_recompile pc=0x00000000031596d8 method=java.util.HashMap.putVal(ILjava/lang/Object;Ljava/lang/Object;ZZ)Ljava/lang/Object; @ 203
Event: 1.590 Thread 0x000000000132e800 Uncommon trap: reason=unstable_if action=reinterpret pc=0x00000000030d8814 method=java.io.WinNTFileSystem.normalize(Ljava/lang/String;)Ljava/lang/String; @ 128
Event: 1.590 Thread 0x000000000132e800 Uncommon trap: reason=unstable_if action=reinterpret pc=0x0000000003154970 method=java.io.WinNTFileSystem.normalize(Ljava/lang/String;II)Ljava/lang/String; @ 90
Event: 2.302 Thread 0x0000000019bad800 Uncommon trap: reason=unstable_if action=reinterpret pc=0x000000000321d3f0 method=java.util.concurrent.ConcurrentHashMap.putVal(Ljava/lang/Object;Ljava/lang/Object;Z)Ljava/lang/Object; @ 206
Event: 2.443 Thread 0x00000000199ce000 Uncommon trap: reason=bimorphic action=maybe_recompile pc=0x000000000315880c method=java.util.HashMap.putVal(ILjava/lang/Object;Ljava/lang/Object;ZZ)Ljava/lang/Object; @ 253
Event: 2.443 Thread 0x00000000199ce000 Uncommon trap: reason=bimorphic action=maybe_recompile pc=0x000000000315880c method=java.util.HashMap.putVal(ILjava/lang/Object;Ljava/lang/Object;ZZ)Ljava/lang/Object; @ 253
Event: 2.705 Thread 0x00000000199ce000 Uncommon trap: reason=class_check action=maybe_recompile pc=0x000000000309f8dc method=java.util.regex.Matcher.match(II)Z @ 86
Event: 2.705 Thread 0x00000000199ce000 Uncommon trap: reason=class_check action=maybe_recompile pc=0x000000000309f8dc method=java.util.regex.Matcher.match(II)Z @ 86
Event: 2.846 Thread 0x00000000199ce000 Uncommon trap: reason=unstable_if action=reinterpret pc=0x000000000329d634 method=java.lang.String.lastIndexOf([CII[CIII)I @ 66

Classes redefined (0 events):
No events

Internal exceptions (10 events):
Event: 2.331 Thread 0x0000000019bad800 Exception <a 'java/lang/NoSuchMethodError': <clinit>> (0x00000000e04e9110) thrown at [D:\src\AOSP-openjdk-cygwin\jdk8u\hotspot\src\share\vm\prims\jni.cpp, line 1613]
Event: 2.335 Thread 0x0000000019bad800 Exception <a 'java/lang/NoSuchMethodError': <clinit>> (0x00000000e04fa810) thrown at [D:\src\AOSP-openjdk-cygwin\jdk8u\hotspot\src\share\vm\prims\jni.cpp, line 1613]
Event: 2.366 Thread 0x0000000019bad800 Exception <a 'java/lang/NoSuchMethodError': <clinit>> (0x00000000e056ef10) thrown at [D:\src\AOSP-openjdk-cygwin\jdk8u\hotspot\src\share\vm\prims\jni.cpp, line 1613]
Event: 2.381 Thread 0x0000000019bad800 Exception <a 'java/lang/NoSuchMethodError': <clinit>> (0x00000000e0594150) thrown at [D:\src\AOSP-openjdk-cygwin\jdk8u\hotspot\src\share\vm\prims\jni.cpp, line 1613]
Event: 2.390 Thread 0x0000000019bad800 Exception <a 'java/lang/NoSuchMethodError': <clinit>> (0x00000000e05bfca8) thrown at [D:\src\AOSP-openjdk-cygwin\jdk8u\hotspot\src\share\vm\prims\jni.cpp, line 1613]
Event: 2.393 Thread 0x0000000019bad800 Exception <a 'java/lang/NoSuchMethodError': <clinit>> (0x00000000e05cb048) thrown at [D:\src\AOSP-openjdk-cygwin\jdk8u\hotspot\src\share\vm\prims\jni.cpp, line 1613]
Event: 2.394 Thread 0x0000000019bad800 Exception <a 'java/lang/NoSuchMethodError': <clinit>> (0x00000000e05d6970) thrown at [D:\src\AOSP-openjdk-cygwin\jdk8u\hotspot\src\share\vm\prims\jni.cpp, line 1613]
Event: 2.397 Thread 0x0000000019bad800 Exception <a 'java/lang/NoSuchMethodError': <clinit>> (0x00000000e05faac0) thrown at [D:\src\AOSP-openjdk-cygwin\jdk8u\hotspot\src\share\vm\prims\jni.cpp, line 1613]
Event: 2.425 Thread 0x00000000199ce000 Exception <a 'java/lang/NoSuchMethodError': <clinit>> (0x00000000e0714820) thrown at [D:\src\AOSP-openjdk-cygwin\jdk8u\hotspot\src\share\vm\prims\jni.cpp, line 1613]
Event: 2.426 Thread 0x00000000199ce000 Exception <a 'java/lang/NoSuchMethodError': <clinit>> (0x00000000e071caa8) thrown at [D:\src\AOSP-openjdk-cygwin\jdk8u\hotspot\src\share\vm\prims\jni.cpp, line 1613]

Events (10 events):
Event: 3.352 loading class org/gradle/internal/scan/scopeids/BuildScanScopeIds
Event: 3.352 loading class org/gradle/internal/scan/scopeids/BuildScanScopeIds done
Event: 3.355 loading class org/gradle/cache/internal/FileContentCacheFactory
Event: 3.355 loading class org/gradle/cache/internal/FileContentCacheFactory done
Event: 3.355 loading class org/gradle/internal/cleanup/BuildOutputCleanupRegistry
Event: 3.355 loading class org/gradle/internal/cleanup/BuildOutputCleanupRegistry done
Event: 3.355 loading class org/gradle/execution/BuildConfigurationActionExecuter
Event: 3.355 loading class org/gradle/execution/BuildConfigurationActionExecuter done
Event: 3.355 loading class org/gradle/execution/BuildExecuter
Event: 3.355 loading class org/gradle/execution/BuildExecuter done


Dynamic libraries:
0x00007ff665540000 - 0x00007ff665571000 	C:\Program Files\Android\Android Studio\jre\bin\java.exe
0x00007ffa78340000 - 0x00007ffa78521000 	C:\WINDOWS\SYSTEM32\ntdll.dll
0x00007ffa779d0000 - 0x00007ffa77a82000 	C:\WINDOWS\System32\KERNEL32.DLL
0x00007ffa74b20000 - 0x00007ffa74d93000 	C:\WINDOWS\System32\KERNELBASE.dll
0x00007ffa77610000 - 0x00007ffa776b1000 	C:\WINDOWS\System32\ADVAPI32.dll
0x00007ffa778d0000 - 0x00007ffa7796e000 	C:\WINDOWS\System32\msvcrt.dll
0x00007ffa77400000 - 0x00007ffa7745b000 	C:\WINDOWS\System32\sechost.dll
0x00007ffa772d0000 - 0x00007ffa773f4000 	C:\WINDOWS\System32\RPCRT4.dll
0x00007ffa76ea0000 - 0x00007ffa77030000 	C:\WINDOWS\System32\USER32.dll
0x00007ffa74b00000 - 0x00007ffa74b20000 	C:\WINDOWS\System32\win32u.dll
0x00007ffa775e0000 - 0x00007ffa77608000 	C:\WINDOWS\System32\GDI32.dll
0x00007ffa74960000 - 0x00007ffa74af2000 	C:\WINDOWS\System32\gdi32full.dll
0x00007ffa74e20000 - 0x00007ffa74ebf000 	C:\WINDOWS\System32\msvcp_win.dll
0x00007ffa74ec0000 - 0x00007ffa74fba000 	C:\WINDOWS\System32\ucrtbase.dll
0x00007ffa6bc80000 - 0x00007ffa6bee9000 	C:\WINDOWS\WinSxS\amd64_microsoft.windows.common-controls_6595b64144ccf1df_6.0.17134.285_none_fb4297e330656775\COMCTL32.dll
0x00007ffa77f70000 - 0x00007ffa78293000 	C:\WINDOWS\System32\combase.dll
0x00007ffa74da0000 - 0x00007ffa74e1a000 	C:\WINDOWS\System32\bcryptPrimitives.dll
0x00007ffa76e00000 - 0x00007ffa76e2d000 	C:\WINDOWS\System32\IMM32.DLL
0x0000000060700000 - 0x00000000607d2000 	C:\Program Files\Android\Android Studio\jre\jre\bin\msvcr100.dll
0x0000000060a70000 - 0x00000000612b1000 	C:\Program Files\Android\Android Studio\jre\jre\bin\server\jvm.dll
0x00007ffa77f00000 - 0x00007ffa77f08000 	C:\WINDOWS\System32\PSAPI.DLL
0x00007ffa6a9a0000 - 0x00007ffa6a9c3000 	C:\WINDOWS\SYSTEM32\WINMM.dll
0x00007ffa69270000 - 0x00007ffa69279000 	C:\WINDOWS\SYSTEM32\WSOCK32.dll
0x00007ffa6bc60000 - 0x00007ffa6bc6a000 	C:\WINDOWS\SYSTEM32\VERSION.dll
0x00007ffa782a0000 - 0x00007ffa7830c000 	C:\WINDOWS\System32\WS2_32.dll
0x00007ffa69be0000 - 0x00007ffa69c0a000 	C:\WINDOWS\SYSTEM32\WINMMBASE.dll
0x00007ffa74fc0000 - 0x00007ffa75009000 	C:\WINDOWS\System32\cfgmgr32.dll
0x00007ffa6f3d0000 - 0x00007ffa6f3df000 	C:\Program Files\Android\Android Studio\jre\jre\bin\verify.dll
0x00007ffa6dc10000 - 0x00007ffa6dc39000 	C:\Program Files\Android\Android Studio\jre\jre\bin\java.dll
0x00007ffa6ca20000 - 0x00007ffa6ca36000 	C:\Program Files\Android\Android Studio\jre\jre\bin\zip.dll
0x00007ffa75850000 - 0x00007ffa76c90000 	C:\WINDOWS\System32\SHELL32.dll
0x00007ffa77820000 - 0x00007ffa778c9000 	C:\WINDOWS\System32\shcore.dll
0x00007ffa75010000 - 0x00007ffa7571d000 	C:\WINDOWS\System32\windows.storage.dll
0x00007ffa76e40000 - 0x00007ffa76e91000 	C:\WINDOWS\System32\shlwapi.dll
0x00007ffa746f0000 - 0x00007ffa74701000 	C:\WINDOWS\System32\kernel.appcore.dll
0x00007ffa746a0000 - 0x00007ffa746bf000 	C:\WINDOWS\System32\profapi.dll
0x00007ffa74650000 - 0x00007ffa7469c000 	C:\WINDOWS\System32\powrprof.dll
0x00007ffa746e0000 - 0x00007ffa746ea000 	C:\WINDOWS\System32\FLTLIB.DLL
0x00007ffa6ca00000 - 0x00007ffa6ca1a000 	C:\Program Files\Android\Android Studio\jre\jre\bin\net.dll
0x00007ffa73e70000 - 0x00007ffa73ed6000 	C:\WINDOWS\system32\mswsock.dll
0x00007ffa6c9e0000 - 0x00007ffa6c9f1000 	C:\Program Files\Android\Android Studio\jre\jre\bin\nio.dll
0x00007ffa660f0000 - 0x00007ffa6610e000 	C:\Users\Owen Dunn\.gradle\native\25\windows-amd64\native-platform.dll
0x00007ffa6f350000 - 0x00007ffa6f35d000 	C:\Program Files\Android\Android Studio\jre\jre\bin\management.dll
0x00007ffa74020000 - 0x00007ffa74037000 	C:\WINDOWS\SYSTEM32\CRYPTSP.dll
0x00007ffa73a50000 - 0x00007ffa73a83000 	C:\WINDOWS\system32\rsaenh.dll
0x00007ffa74150000 - 0x00007ffa74175000 	C:\WINDOWS\SYSTEM32\bcrypt.dll
0x00007ffa74580000 - 0x00007ffa745a8000 	C:\WINDOWS\SYSTEM32\USERENV.dll
0x00007ffa74040000 - 0x00007ffa7404b000 	C:\WINDOWS\SYSTEM32\CRYPTBASE.dll
0x00007ffa73bf0000 - 0x00007ffa73c28000 	C:\WINDOWS\SYSTEM32\IPHLPAPI.DLL
0x00007ffa772c0000 - 0x00007ffa772c8000 	C:\WINDOWS\System32\NSI.dll
0x00007ffa6de90000 - 0x00007ffa6dea6000 	C:\WINDOWS\SYSTEM32\dhcpcsvc6.DLL
0x00007ffa6dba0000 - 0x00007ffa6dbba000 	C:\WINDOWS\SYSTEM32\dhcpcsvc.DLL

VM Arguments:
jvm_args: -Xmx1536m -Dfile.encoding=windows-1252 -Duser.country=US -Duser.language=en -Duser.variant 
java_command: org.gradle.launcher.daemon.bootstrap.GradleDaemon 4.6
java_class_path (initial): C:\Users\Owen Dunn\.gradle\wrapper\dists\gradle-4.6-all\bcst21l2brirad8k2ben1letg\gradle-4.6\lib\gradle-launcher-4.6.jar
Launcher Type: SUN_STANDARD

Environment Variables:
PATH=C:\Program Files (x86)\Common Files\Oracle\Java\javapath;C:\Program Files (x86)\Intel\iCLS Client\;C:\Program Files\Intel\iCLS Client\;C:\ProgramData\Oracle\Java\javapath;C:\WINDOWS\system32;C:\WINDOWS;C:\WINDOWS\System32\Wbem;C:\WINDOWS\System32\WindowsPowerShell\v1.0\;C:\Program Files\PuTTY\;C:\Program Files (x86)\Intel\Intel(R) Management Engine Components\DAL;C:\Program Files\Intel\Intel(R) Management Engine Components\DAL;C:\Program Files (x86)\Intel\Intel(R) Management Engine Components\IPT;C:\Program Files\Intel\Intel(R) Management Engine Components\IPT;C:\WINDOWS\System32\OpenSSH\;C:\Program Files\Intel\WiFi\bin\;C:\Program Files\Common Files\Intel\WirelessCommon\;C:\Program Files\Git\cmd;C:\Users\Owen Dunn\AppData\Local\Programs\Python\Python36-32\Scripts\;C:\Users\Owen Dunn\AppData\Local\Programs\Python\Python36-32\;C:\Users\Owen Dunn\AppData\Local\Microsoft\WindowsApps;c:\Program Files\Intel\WiFi\bin\;c:\Program Files\Common Files\Intel\WirelessCommon\;C:\Users\Owen Dunn\AppData\Local\atom\bin;C:\Users\Owen Dunn\AppData\Local\Microsoft\WindowsApps;
USERNAME=Owen Dunn
OS=Windows_NT
PROCESSOR_IDENTIFIER=Intel64 Family 6 Model 78 Stepping 3, GenuineIntel



---------------  S Y S T E M  ---------------

OS: Windows 10.0 , 64 bit Build 17134 (10.0.17134.1)

CPU:total 4 (initial active 4) (2 cores per cpu, 2 threads per core) family 6 model 78 stepping 3, cmov, cx8, fxsr, mmx, sse, sse2, sse3, ssse3, sse4.1, sse4.2, popcnt, avx, avx2, aes, clmul, erms, 3dnowpref, lzcnt, ht, tsc, tscinvbit, bmi1, bmi2, adx

Memory: 4k page, physical 8276896k(2435336k free), swap 12813296k(6184k free)

vm_info: OpenJDK 64-Bit Server VM (25.152-b06) for windows-amd64 JRE (1.8.0_152-release-1136-b06), built by "builder" with MS VC++ 10.0 (VS2010)

time: Fri Oct 12 00:25:33 2018
elapsed time: 3 seconds (0d 0h 0m 3s)

